2025-11-19 11:41:22,356 INFO Requesting chapter: 01_intro
2025-11-19 11:41:22,358 INFO Looking for file at: /app/content/chapters/01_intro.md
2025-11-19 11:41:22,394 INFO File read successfully. Length: 2933
2025-11-19 11:41:22,414 DEBUG Successfully loaded extension "markdown.extensions.fenced_code.FencedCodeExtension".
2025-11-19 11:41:22,415 DEBUG Successfully loaded extension "markdown.extensions.tables.TableExtension".
2025-11-19 11:41:22,418 INFO Markdown conversion successful
2025-11-19 11:41:22,449 ERROR Unhandled error: unexpected '}'
2025-11-19 11:41:22,469 ERROR Traceback (most recent call last):
  File "/app/routers/bible.py", line 238, in get_chapter
    return templates.TemplateResponse("chapter.html", {
           ^^^^^^^^^^^^^^^^^^^^^^^^^^^^^^^^^^^^^^^^^^^^
  File "/root/.local/lib/python3.11/site-packages/starlette/templating.py", line 112, in TemplateResponse
    template = self.get_template(name)
               ^^^^^^^^^^^^^^^^^^^^^^^
  File "/root/.local/lib/python3.11/site-packages/starlette/templating.py", line 94, in get_template
    return self.env.get_template(name)
           ^^^^^^^^^^^^^^^^^^^^^^^^^^^
  File "/root/.local/lib/python3.11/site-packages/jinja2/environment.py", line 1010, in get_template
    return self._load_template(name, globals)
           ^^^^^^^^^^^^^^^^^^^^^^^^^^^^^^^^^^
  File "/root/.local/lib/python3.11/site-packages/jinja2/environment.py", line 969, in _load_template
    template = self.loader.load(self, name, self.make_globals(globals))
               ^^^^^^^^^^^^^^^^^^^^^^^^^^^^^^^^^^^^^^^^^^^^^^^^^^^^^^^^
  File "/root/.local/lib/python3.11/site-packages/jinja2/loaders.py", line 138, in load
    code = environment.compile(source, name, filename)
           ^^^^^^^^^^^^^^^^^^^^^^^^^^^^^^^^^^^^^^^^^^^
  File "/root/.local/lib/python3.11/site-packages/jinja2/environment.py", line 768, in compile
    self.handle_exception(source=source_hint)
  File "/root/.local/lib/python3.11/site-packages/jinja2/environment.py", line 936, in handle_exception
    raise rewrite_traceback_stack(source=source)
  File "/app/templates/chapter.html", line 432, in template
    }
jinja2.exceptions.TemplateSyntaxError: unexpected '}'

2025-11-19 11:41:29,861 INFO Requesting chapter: 01_intro
2025-11-19 11:41:29,861 INFO Looking for file at: /app/content/chapters/01_intro.md
2025-11-19 11:41:29,876 INFO File read successfully. Length: 2933
2025-11-19 11:41:29,878 DEBUG Successfully loaded extension "markdown.extensions.fenced_code.FencedCodeExtension".
2025-11-19 11:41:29,887 DEBUG Successfully loaded extension "markdown.extensions.tables.TableExtension".
2025-11-19 11:41:29,889 INFO Markdown conversion successful
2025-11-19 11:41:29,904 ERROR Unhandled error: unexpected '}'
2025-11-19 11:41:29,911 ERROR Traceback (most recent call last):
  File "/app/routers/bible.py", line 238, in get_chapter
    return templates.TemplateResponse("chapter.html", {
           ^^^^^^^^^^^^^^^^^^^^^^^^^^^^^^^^^^^^^^^^^^^^
  File "/root/.local/lib/python3.11/site-packages/starlette/templating.py", line 112, in TemplateResponse
    template = self.get_template(name)
               ^^^^^^^^^^^^^^^^^^^^^^^
  File "/root/.local/lib/python3.11/site-packages/starlette/templating.py", line 94, in get_template
    return self.env.get_template(name)
           ^^^^^^^^^^^^^^^^^^^^^^^^^^^
  File "/root/.local/lib/python3.11/site-packages/jinja2/environment.py", line 1010, in get_template
    return self._load_template(name, globals)
           ^^^^^^^^^^^^^^^^^^^^^^^^^^^^^^^^^^
  File "/root/.local/lib/python3.11/site-packages/jinja2/environment.py", line 969, in _load_template
    template = self.loader.load(self, name, self.make_globals(globals))
               ^^^^^^^^^^^^^^^^^^^^^^^^^^^^^^^^^^^^^^^^^^^^^^^^^^^^^^^^
  File "/root/.local/lib/python3.11/site-packages/jinja2/loaders.py", line 138, in load
    code = environment.compile(source, name, filename)
           ^^^^^^^^^^^^^^^^^^^^^^^^^^^^^^^^^^^^^^^^^^^
  File "/root/.local/lib/python3.11/site-packages/jinja2/environment.py", line 768, in compile
    self.handle_exception(source=source_hint)
  File "/root/.local/lib/python3.11/site-packages/jinja2/environment.py", line 936, in handle_exception
    raise rewrite_traceback_stack(source=source)
  File "/app/templates/chapter.html", line 432, in template
    }
jinja2.exceptions.TemplateSyntaxError: unexpected '}'

2025-11-19 11:44:03,806 INFO Requesting chapter: 01_intro
2025-11-19 11:44:03,811 INFO Looking for file at: /app/content/chapters/01_intro.md
2025-11-19 11:44:03,816 INFO File read successfully. Length: 2933
2025-11-19 11:44:03,818 DEBUG Successfully loaded extension "markdown.extensions.fenced_code.FencedCodeExtension".
2025-11-19 11:44:03,819 DEBUG Successfully loaded extension "markdown.extensions.tables.TableExtension".
2025-11-19 11:44:03,820 INFO Markdown conversion successful
2025-11-19 11:44:21,437 INFO Requesting chapter: 01_intro
2025-11-19 11:44:21,443 INFO Looking for file at: /app/content/chapters/01_intro.md
2025-11-19 11:44:21,535 INFO File read successfully. Length: 2933
2025-11-19 11:44:21,537 DEBUG Successfully loaded extension "markdown.extensions.fenced_code.FencedCodeExtension".
2025-11-19 11:44:21,538 DEBUG Successfully loaded extension "markdown.extensions.tables.TableExtension".
2025-11-19 11:44:21,541 INFO Markdown conversion successful
2025-11-19 11:44:21,653 ERROR Unhandled error: unexpected '}'
2025-11-19 11:44:21,771 ERROR Traceback (most recent call last):
  File "/app/routers/bible.py", line 238, in get_chapter
    return templates.TemplateResponse("chapter.html", {
           ^^^^^^^^^^^^^^^^^^^^^^^^^^^^^^^^^^^^^^^^^^^^
  File "/root/.local/lib/python3.11/site-packages/starlette/templating.py", line 112, in TemplateResponse
    template = self.get_template(name)
               ^^^^^^^^^^^^^^^^^^^^^^^
  File "/root/.local/lib/python3.11/site-packages/starlette/templating.py", line 94, in get_template
    return self.env.get_template(name)
           ^^^^^^^^^^^^^^^^^^^^^^^^^^^
  File "/root/.local/lib/python3.11/site-packages/jinja2/environment.py", line 1010, in get_template
    return self._load_template(name, globals)
           ^^^^^^^^^^^^^^^^^^^^^^^^^^^^^^^^^^
  File "/root/.local/lib/python3.11/site-packages/jinja2/environment.py", line 969, in _load_template
    template = self.loader.load(self, name, self.make_globals(globals))
               ^^^^^^^^^^^^^^^^^^^^^^^^^^^^^^^^^^^^^^^^^^^^^^^^^^^^^^^^
  File "/root/.local/lib/python3.11/site-packages/jinja2/loaders.py", line 138, in load
    code = environment.compile(source, name, filename)
           ^^^^^^^^^^^^^^^^^^^^^^^^^^^^^^^^^^^^^^^^^^^
  File "/root/.local/lib/python3.11/site-packages/jinja2/environment.py", line 768, in compile
    self.handle_exception(source=source_hint)
  File "/root/.local/lib/python3.11/site-packages/jinja2/environment.py", line 936, in handle_exception
    raise rewrite_traceback_stack(source=source)
  File "/app/templates/chapter.html", line 432, in template
    }
jinja2.exceptions.TemplateSyntaxError: unexpected '}'

2025-11-19 11:47:38,393 INFO Requesting chapter: 01_intro
2025-11-19 11:47:38,394 INFO Looking for file at: /app/content/chapters/01_intro.md
2025-11-19 11:47:38,417 INFO File read successfully. Length: 2933
2025-11-19 11:47:38,418 DEBUG Successfully loaded extension "markdown.extensions.fenced_code.FencedCodeExtension".
2025-11-19 11:47:38,419 DEBUG Successfully loaded extension "markdown.extensions.tables.TableExtension".
2025-11-19 11:47:38,421 INFO Markdown conversion successful
2025-11-19 11:47:38,447 ERROR Unhandled error: unexpected '}'
2025-11-19 11:47:38,457 ERROR Traceback (most recent call last):
  File "/app/routers/bible.py", line 238, in get_chapter
    return templates.TemplateResponse("chapter.html", {
           ^^^^^^^^^^^^^^^^^^^^^^^^^^^^^^^^^^^^^^^^^^^^
  File "/root/.local/lib/python3.11/site-packages/starlette/templating.py", line 112, in TemplateResponse
    template = self.get_template(name)
               ^^^^^^^^^^^^^^^^^^^^^^^
  File "/root/.local/lib/python3.11/site-packages/starlette/templating.py", line 94, in get_template
    return self.env.get_template(name)
           ^^^^^^^^^^^^^^^^^^^^^^^^^^^
  File "/root/.local/lib/python3.11/site-packages/jinja2/environment.py", line 1010, in get_template
    return self._load_template(name, globals)
           ^^^^^^^^^^^^^^^^^^^^^^^^^^^^^^^^^^
  File "/root/.local/lib/python3.11/site-packages/jinja2/environment.py", line 969, in _load_template
    template = self.loader.load(self, name, self.make_globals(globals))
               ^^^^^^^^^^^^^^^^^^^^^^^^^^^^^^^^^^^^^^^^^^^^^^^^^^^^^^^^
  File "/root/.local/lib/python3.11/site-packages/jinja2/loaders.py", line 138, in load
    code = environment.compile(source, name, filename)
           ^^^^^^^^^^^^^^^^^^^^^^^^^^^^^^^^^^^^^^^^^^^
  File "/root/.local/lib/python3.11/site-packages/jinja2/environment.py", line 768, in compile
    self.handle_exception(source=source_hint)
  File "/root/.local/lib/python3.11/site-packages/jinja2/environment.py", line 936, in handle_exception
    raise rewrite_traceback_stack(source=source)
  File "/app/templates/chapter.html", line 432, in template
    }
jinja2.exceptions.TemplateSyntaxError: unexpected '}'

2025-11-19 11:50:18,057 INFO Requesting chapter: 01_intro
2025-11-19 11:50:18,070 INFO Looking for file at: /app/content/chapters/01_intro.md
2025-11-19 11:50:18,106 INFO File read successfully. Length: 2933
2025-11-19 11:50:18,107 DEBUG Successfully loaded extension "markdown.extensions.fenced_code.FencedCodeExtension".
2025-11-19 11:50:18,108 DEBUG Successfully loaded extension "markdown.extensions.tables.TableExtension".
2025-11-19 11:50:18,110 INFO Markdown conversion successful
2025-11-19 11:50:18,183 ERROR Unhandled error: Encountered unknown tag 'else'.
2025-11-19 11:50:18,288 ERROR Traceback (most recent call last):
  File "/app/routers/bible.py", line 238, in get_chapter
    return templates.TemplateResponse("chapter.html", {
           ^^^^^^^^^^^^^^^^^^^^^^^^^^^^^^^^^^^^^^^^^^^^
  File "/root/.local/lib/python3.11/site-packages/starlette/templating.py", line 112, in TemplateResponse
    template = self.get_template(name)
               ^^^^^^^^^^^^^^^^^^^^^^^
  File "/root/.local/lib/python3.11/site-packages/starlette/templating.py", line 94, in get_template
    return self.env.get_template(name)
           ^^^^^^^^^^^^^^^^^^^^^^^^^^^
  File "/root/.local/lib/python3.11/site-packages/jinja2/environment.py", line 1010, in get_template
    return self._load_template(name, globals)
           ^^^^^^^^^^^^^^^^^^^^^^^^^^^^^^^^^^
  File "/root/.local/lib/python3.11/site-packages/jinja2/environment.py", line 969, in _load_template
    template = self.loader.load(self, name, self.make_globals(globals))
               ^^^^^^^^^^^^^^^^^^^^^^^^^^^^^^^^^^^^^^^^^^^^^^^^^^^^^^^^
  File "/root/.local/lib/python3.11/site-packages/jinja2/loaders.py", line 138, in load
    code = environment.compile(source, name, filename)
           ^^^^^^^^^^^^^^^^^^^^^^^^^^^^^^^^^^^^^^^^^^^
  File "/root/.local/lib/python3.11/site-packages/jinja2/environment.py", line 768, in compile
    self.handle_exception(source=source_hint)
  File "/root/.local/lib/python3.11/site-packages/jinja2/environment.py", line 936, in handle_exception
    raise rewrite_traceback_stack(source=source)
  File "/app/templates/chapter.html", line 175, in template
    <h1 {% else %} text-gray-600 dark:text-gray-400 hover:bg-slate-100 dark:hover:bg-slate-800
    ^^^^^^^^^^^^^^^^^^^^^^^^^
jinja2.exceptions.TemplateSyntaxError: Encountered unknown tag 'else'.

2025-11-19 11:54:19,190 INFO Requesting chapter: 01_intro
2025-11-19 11:54:19,192 INFO Looking for file at: /app/content/chapters/01_intro.md
2025-11-19 11:54:19,206 INFO File read successfully. Length: 2933
2025-11-19 11:54:19,207 DEBUG Successfully loaded extension "markdown.extensions.fenced_code.FencedCodeExtension".
2025-11-19 11:54:19,207 DEBUG Successfully loaded extension "markdown.extensions.tables.TableExtension".
2025-11-19 11:54:19,209 INFO Markdown conversion successful
2025-11-19 11:57:00,007 INFO Requesting chapter: 01_intro
2025-11-19 11:57:00,009 INFO Looking for file at: /app/content/chapters/01_intro.md
2025-11-19 11:57:00,036 INFO File read successfully. Length: 2933
2025-11-19 11:57:00,037 DEBUG Successfully loaded extension "markdown.extensions.fenced_code.FencedCodeExtension".
2025-11-19 11:57:00,038 DEBUG Successfully loaded extension "markdown.extensions.tables.TableExtension".
2025-11-19 11:57:00,040 INFO Markdown conversion successful
2025-11-20 09:21:18,832 INFO Requesting chapter: 01_intro
2025-11-20 09:21:18,833 INFO Looking for file at: /app/content/chapters/01_intro.md
2025-11-20 09:21:18,848 INFO File read successfully. Length: 2933
2025-11-20 09:21:18,859 DEBUG Successfully loaded extension "markdown.extensions.fenced_code.FencedCodeExtension".
2025-11-20 09:21:18,861 DEBUG Successfully loaded extension "markdown.extensions.tables.TableExtension".
2025-11-20 09:21:18,863 INFO Markdown conversion successful
2025-11-20 09:22:04,677 INFO Requesting chapter: 01_intro
2025-11-20 09:22:04,678 INFO Looking for file at: /app/content/chapters/01_intro.md
2025-11-20 09:22:04,691 INFO File read successfully. Length: 2933
2025-11-20 09:22:04,691 DEBUG Successfully loaded extension "markdown.extensions.fenced_code.FencedCodeExtension".
2025-11-20 09:22:04,692 DEBUG Successfully loaded extension "markdown.extensions.tables.TableExtension".
2025-11-20 09:22:04,695 INFO Markdown conversion successful
2025-11-20 09:22:26,594 INFO Requesting chapter: 02_workflow
2025-11-20 09:22:26,595 INFO Looking for file at: /app/content/chapters/02_workflow.md
2025-11-20 09:22:26,612 INFO File read successfully. Length: 2385
2025-11-20 09:22:26,612 DEBUG Successfully loaded extension "markdown.extensions.fenced_code.FencedCodeExtension".
2025-11-20 09:22:26,613 DEBUG Successfully loaded extension "markdown.extensions.tables.TableExtension".
2025-11-20 09:22:26,615 INFO Markdown conversion successful
2025-11-20 09:22:39,261 INFO Requesting chapter: 01_intro
2025-11-20 09:22:39,262 INFO Looking for file at: /app/content/chapters/01_intro.md
2025-11-20 09:22:39,276 INFO File read successfully. Length: 2933
2025-11-20 09:22:39,277 DEBUG Successfully loaded extension "markdown.extensions.fenced_code.FencedCodeExtension".
2025-11-20 09:22:39,277 DEBUG Successfully loaded extension "markdown.extensions.tables.TableExtension".
2025-11-20 09:22:39,279 INFO Markdown conversion successful
2025-11-20 09:22:40,522 INFO Requesting chapter: 08_production
2025-11-20 09:22:40,523 INFO Looking for file at: /app/content/chapters/08_production.md
2025-11-20 09:22:40,536 INFO File read successfully. Length: 1744
2025-11-20 09:22:40,536 DEBUG Successfully loaded extension "markdown.extensions.fenced_code.FencedCodeExtension".
2025-11-20 09:22:40,537 DEBUG Successfully loaded extension "markdown.extensions.tables.TableExtension".
2025-11-20 09:22:40,539 INFO Markdown conversion successful
2025-11-20 09:23:02,938 INFO Requesting chapter: 01_intro
2025-11-20 09:23:02,938 INFO Looking for file at: /app/content/chapters/01_intro.md
2025-11-20 09:23:02,953 INFO File read successfully. Length: 2933
2025-11-20 09:23:02,953 DEBUG Successfully loaded extension "markdown.extensions.fenced_code.FencedCodeExtension".
2025-11-20 09:23:02,953 DEBUG Successfully loaded extension "markdown.extensions.tables.TableExtension".
2025-11-20 09:23:02,955 INFO Markdown conversion successful
2025-11-20 09:23:04,205 INFO Requesting chapter: 05_modules
2025-11-20 09:23:04,206 INFO Looking for file at: /app/content/chapters/05_modules.md
2025-11-20 09:23:04,222 INFO File read successfully. Length: 1655
2025-11-20 09:23:04,223 DEBUG Successfully loaded extension "markdown.extensions.fenced_code.FencedCodeExtension".
2025-11-20 09:23:04,224 DEBUG Successfully loaded extension "markdown.extensions.tables.TableExtension".
2025-11-20 09:23:04,225 INFO Markdown conversion successful
2025-11-20 09:30:26,143 INFO Requesting chapter: 01_intro
2025-11-20 09:30:26,144 INFO Looking for file at: /app/content/chapters/01_intro.md
2025-11-20 09:30:26,158 INFO File read successfully. Length: 2933
2025-11-20 09:30:26,159 DEBUG Successfully loaded extension "markdown.extensions.fenced_code.FencedCodeExtension".
2025-11-20 09:30:26,159 DEBUG Successfully loaded extension "markdown.extensions.tables.TableExtension".
2025-11-20 09:30:26,161 INFO Markdown conversion successful
2025-11-20 09:35:34,948 INFO Requesting chapter: 01_intro
2025-11-20 09:35:34,949 INFO Looking for file at: /app/content/chapters/01_intro.md
2025-11-20 09:35:34,966 INFO File read successfully. Length: 2933
2025-11-20 09:35:34,967 DEBUG Successfully loaded extension "markdown.extensions.fenced_code.FencedCodeExtension".
2025-11-20 09:35:34,967 DEBUG Successfully loaded extension "markdown.extensions.tables.TableExtension".
2025-11-20 09:35:34,969 INFO Markdown conversion successful
2025-11-20 09:36:03,147 INFO Requesting chapter: 01_intro
2025-11-20 09:36:03,149 INFO Looking for file at: /app/content/chapters/01_intro.md
2025-11-20 09:36:03,172 INFO File read successfully. Length: 2933
2025-11-20 09:36:03,173 DEBUG Successfully loaded extension "markdown.extensions.fenced_code.FencedCodeExtension".
2025-11-20 09:36:03,173 DEBUG Successfully loaded extension "markdown.extensions.tables.TableExtension".
2025-11-20 09:36:03,174 INFO Markdown conversion successful
2025-11-20 09:36:38,631 INFO Requesting chapter: 02_workflow
2025-11-20 09:36:38,633 INFO Looking for file at: /app/content/chapters/02_workflow.md
2025-11-20 09:36:38,656 INFO File read successfully. Length: 2385
2025-11-20 09:36:38,657 DEBUG Successfully loaded extension "markdown.extensions.fenced_code.FencedCodeExtension".
2025-11-20 09:36:38,658 DEBUG Successfully loaded extension "markdown.extensions.tables.TableExtension".
2025-11-20 09:36:38,660 INFO Markdown conversion successful
2025-11-20 09:37:11,867 INFO Requesting chapter: 03_state
2025-11-20 09:37:11,868 INFO Looking for file at: /app/content/chapters/03_state.md
2025-11-20 09:37:11,886 INFO File read successfully. Length: 2288
2025-11-20 09:37:11,887 DEBUG Successfully loaded extension "markdown.extensions.fenced_code.FencedCodeExtension".
2025-11-20 09:37:11,888 DEBUG Successfully loaded extension "markdown.extensions.tables.TableExtension".
2025-11-20 09:37:11,890 INFO Markdown conversion successful
2025-11-20 09:37:40,306 INFO Requesting chapter: 04_variables_outputs
2025-11-20 09:37:40,307 INFO Looking for file at: /app/content/chapters/04_variables_outputs.md
2025-11-20 09:37:40,322 INFO File read successfully. Length: 1766
2025-11-20 09:37:40,323 DEBUG Successfully loaded extension "markdown.extensions.fenced_code.FencedCodeExtension".
2025-11-20 09:37:40,324 DEBUG Successfully loaded extension "markdown.extensions.tables.TableExtension".
2025-11-20 09:37:40,327 INFO Markdown conversion successful
2025-11-20 09:38:23,800 INFO Requesting chapter: 05_modules
2025-11-20 09:38:23,801 INFO Looking for file at: /app/content/chapters/05_modules.md
2025-11-20 09:38:23,817 INFO File read successfully. Length: 1655
2025-11-20 09:38:23,826 DEBUG Successfully loaded extension "markdown.extensions.fenced_code.FencedCodeExtension".
2025-11-20 09:38:23,827 DEBUG Successfully loaded extension "markdown.extensions.tables.TableExtension".
2025-11-20 09:38:23,828 INFO Markdown conversion successful
2025-11-20 09:39:14,986 INFO Requesting chapter: 06_advanced_hcl
2025-11-20 09:39:14,988 INFO Looking for file at: /app/content/chapters/06_advanced_hcl.md
2025-11-20 09:39:15,002 INFO File read successfully. Length: 1557
2025-11-20 09:39:15,003 DEBUG Successfully loaded extension "markdown.extensions.fenced_code.FencedCodeExtension".
2025-11-20 09:39:15,004 DEBUG Successfully loaded extension "markdown.extensions.tables.TableExtension".
2025-11-20 09:39:15,005 INFO Markdown conversion successful
2025-11-20 09:40:07,782 INFO Requesting chapter: 07_testing_validation
2025-11-20 09:40:07,783 INFO Looking for file at: /app/content/chapters/07_testing_validation.md
2025-11-20 09:40:07,796 INFO File read successfully. Length: 1544
2025-11-20 09:40:07,796 DEBUG Successfully loaded extension "markdown.extensions.fenced_code.FencedCodeExtension".
2025-11-20 09:40:07,797 DEBUG Successfully loaded extension "markdown.extensions.tables.TableExtension".
2025-11-20 09:40:07,798 INFO Markdown conversion successful
2025-11-20 09:40:36,415 INFO Requesting chapter: 08_production
2025-11-20 09:40:36,416 INFO Looking for file at: /app/content/chapters/08_production.md
2025-11-20 09:40:36,433 INFO File read successfully. Length: 1744
2025-11-20 09:40:36,434 DEBUG Successfully loaded extension "markdown.extensions.fenced_code.FencedCodeExtension".
2025-11-20 09:40:36,434 DEBUG Successfully loaded extension "markdown.extensions.tables.TableExtension".
2025-11-20 09:40:36,436 INFO Markdown conversion successful
2025-11-20 09:42:59,717 INFO Requesting chapter: 01_intro
2025-11-20 09:42:59,723 INFO Looking for file at: /app/content/chapters/01_intro.md
2025-11-20 09:42:59,816 INFO File read successfully. Length: 2933
2025-11-20 09:42:59,831 DEBUG Successfully loaded extension "markdown.extensions.fenced_code.FencedCodeExtension".
2025-11-20 09:42:59,847 DEBUG Successfully loaded extension "markdown.extensions.tables.TableExtension".
2025-11-20 09:42:59,849 INFO Markdown conversion successful
2025-11-20 10:01:23,963 INFO Requesting chapter: 01_intro
2025-11-20 10:01:23,964 INFO Looking for file at: /app/content/chapters/01_intro.md
2025-11-20 10:01:23,982 INFO File read successfully. Length: 2933
2025-11-20 10:01:23,983 DEBUG Successfully loaded extension "markdown.extensions.fenced_code.FencedCodeExtension".
2025-11-20 10:01:23,984 DEBUG Successfully loaded extension "markdown.extensions.tables.TableExtension".
2025-11-20 10:01:23,986 INFO Markdown conversion successful
2025-11-20 10:16:28,271 INFO Requesting chapter: 08_production
2025-11-20 10:16:28,273 INFO Looking for file at: /app/content/chapters/08_production.md
2025-11-20 10:16:28,288 INFO File read successfully. Length: 1744
2025-11-20 10:16:28,299 DEBUG Successfully loaded extension "markdown.extensions.fenced_code.FencedCodeExtension".
2025-11-20 10:16:28,301 DEBUG Successfully loaded extension "markdown.extensions.tables.TableExtension".
2025-11-20 10:16:28,303 INFO Markdown conversion successful
2025-11-20 10:16:30,926 INFO Requesting chapter: chapter-09
2025-11-20 10:16:30,927 INFO Looking for file at: /app/content/chapters/chapter-09.md
2025-11-20 10:16:30,932 WARNING File not found: /app/content/chapters/chapter-09.md
2025-11-20 10:16:30,932 DEBUG Successfully loaded extension "markdown.extensions.fenced_code.FencedCodeExtension".
2025-11-20 10:16:30,933 DEBUG Successfully loaded extension "markdown.extensions.tables.TableExtension".
2025-11-20 10:16:30,934 INFO Markdown conversion successful
2025-11-20 10:22:01,551 INFO Requesting chapter: chapter-09
2025-11-20 10:22:01,557 INFO Looking for file at: /app/content/chapters/chapter-09.md
2025-11-20 10:22:01,577 WARNING File not found: /app/content/chapters/chapter-09.md
2025-11-20 10:22:01,579 DEBUG Successfully loaded extension "markdown.extensions.fenced_code.FencedCodeExtension".
2025-11-20 10:22:01,580 DEBUG Successfully loaded extension "markdown.extensions.tables.TableExtension".
2025-11-20 10:22:01,582 INFO Markdown conversion successful
2025-11-20 10:24:54,241 INFO Requesting chapter: 08_production
2025-11-20 10:24:54,242 INFO Looking for file at: /app/content/chapters/08_production.md
2025-11-20 10:24:54,264 INFO File read successfully. Length: 1744
2025-11-20 10:24:54,279 DEBUG Successfully loaded extension "markdown.extensions.fenced_code.FencedCodeExtension".
2025-11-20 10:24:54,281 DEBUG Successfully loaded extension "markdown.extensions.tables.TableExtension".
2025-11-20 10:24:54,283 INFO Markdown conversion successful
2025-11-20 10:24:56,211 INFO Requesting chapter: 09_security
2025-11-20 10:24:56,212 INFO Looking for file at: /app/content/chapters/09_security.md
2025-11-20 10:24:56,225 INFO File read successfully. Length: 2913
2025-11-20 10:24:56,226 DEBUG Successfully loaded extension "markdown.extensions.fenced_code.FencedCodeExtension".
2025-11-20 10:24:56,227 DEBUG Successfully loaded extension "markdown.extensions.tables.TableExtension".
2025-11-20 10:24:56,229 INFO Markdown conversion successful
2025-11-20 10:45:37,241 INFO Requesting chapter: 09_security
2025-11-20 10:45:37,242 INFO Looking for file at: /app/content/chapters/09_security.md
2025-11-20 10:45:37,253 INFO File read successfully. Length: 2913
2025-11-20 10:45:37,263 DEBUG Successfully loaded extension "markdown.extensions.fenced_code.FencedCodeExtension".
2025-11-20 10:45:37,264 DEBUG Successfully loaded extension "markdown.extensions.tables.TableExtension".
2025-11-20 10:45:37,266 INFO Markdown conversion successful
2025-11-20 10:53:25,379 INFO Requesting chapter: 07_testing_validation
2025-11-20 10:53:25,380 INFO Looking for file at: /app/content/chapters/07_testing_validation.md
2025-11-20 10:53:25,396 INFO File read successfully. Length: 1544
2025-11-20 10:53:25,397 DEBUG Successfully loaded extension "markdown.extensions.fenced_code.FencedCodeExtension".
2025-11-20 10:53:25,398 DEBUG Successfully loaded extension "markdown.extensions.tables.TableExtension".
2025-11-20 10:53:25,399 INFO Markdown conversion successful
2026-04-02 13:00:54,209 INFO Requesting chapter: 01_intro
2026-04-02 13:00:54,210 INFO Looking for file at: /app/content/chapters/01_intro.md
2026-04-02 13:00:54,252 INFO File read successfully. Length: 2933
2026-04-02 13:00:54,267 DEBUG Successfully loaded extension "markdown.extensions.fenced_code.FencedCodeExtension".
2026-04-02 13:00:54,272 DEBUG Successfully loaded extension "markdown.extensions.tables.TableExtension".
2026-04-02 13:00:54,275 INFO Markdown conversion successful
2026-04-02 13:06:37,452 INFO Requesting chapter: 01_intro
2026-04-02 13:06:37,452 INFO Looking for file at: /app/content/chapters/01_intro.md
2026-04-02 13:06:37,457 INFO File read successfully. Length: 2933
2026-04-02 13:06:37,463 DEBUG Successfully loaded extension "markdown.extensions.fenced_code.FencedCodeExtension".
2026-04-02 13:06:37,463 DEBUG Successfully loaded extension "markdown.extensions.tables.TableExtension".
2026-04-02 13:06:37,465 INFO Markdown conversion successful
2026-04-02 13:08:21,664 INFO Requesting chapter: 02_workflow
2026-04-02 13:08:21,665 INFO Looking for file at: /app/content/chapters/02_workflow.md
2026-04-02 13:08:21,668 INFO File read successfully. Length: 2385
2026-04-02 13:08:21,668 DEBUG Successfully loaded extension "markdown.extensions.fenced_code.FencedCodeExtension".
2026-04-02 13:08:21,669 DEBUG Successfully loaded extension "markdown.extensions.tables.TableExtension".
2026-04-02 13:08:21,670 INFO Markdown conversion successful
2026-04-02 13:09:42,607 INFO Requesting chapter: 03_state
2026-04-02 13:09:42,614 INFO Looking for file at: /app/content/chapters/03_state.md
2026-04-02 13:09:42,664 INFO File read successfully. Length: 2288
2026-04-02 13:09:42,666 DEBUG Successfully loaded extension "markdown.extensions.fenced_code.FencedCodeExtension".
2026-04-02 13:09:42,668 DEBUG Successfully loaded extension "markdown.extensions.tables.TableExtension".
2026-04-02 13:09:42,671 INFO Markdown conversion successful
2026-04-02 13:11:46,485 INFO Requesting chapter: 04_variables_outputs
2026-04-02 13:11:46,486 INFO Looking for file at: /app/content/chapters/04_variables_outputs.md
2026-04-02 13:11:46,505 INFO File read successfully. Length: 1766
2026-04-02 13:11:46,506 DEBUG Successfully loaded extension "markdown.extensions.fenced_code.FencedCodeExtension".
2026-04-02 13:11:46,506 DEBUG Successfully loaded extension "markdown.extensions.tables.TableExtension".
2026-04-02 13:11:46,507 INFO Markdown conversion successful
2026-04-02 13:13:17,162 INFO Requesting chapter: 05_modules
2026-04-02 13:13:17,164 INFO Looking for file at: /app/content/chapters/05_modules.md
2026-04-02 13:13:17,234 INFO File read successfully. Length: 1655
2026-04-02 13:13:17,236 DEBUG Successfully loaded extension "markdown.extensions.fenced_code.FencedCodeExtension".
2026-04-02 13:13:17,239 DEBUG Successfully loaded extension "markdown.extensions.tables.TableExtension".
2026-04-02 13:13:17,240 INFO Markdown conversion successful
2026-04-02 13:13:40,718 INFO Requesting chapter: 06_advanced_hcl
2026-04-02 13:13:40,718 INFO Looking for file at: /app/content/chapters/06_advanced_hcl.md
2026-04-02 13:13:40,724 INFO File read successfully. Length: 1557
2026-04-02 13:13:40,725 DEBUG Successfully loaded extension "markdown.extensions.fenced_code.FencedCodeExtension".
2026-04-02 13:13:40,725 DEBUG Successfully loaded extension "markdown.extensions.tables.TableExtension".
2026-04-02 13:13:40,726 INFO Markdown conversion successful
2026-04-02 13:13:44,347 INFO Requesting chapter: 07_testing_validation
2026-04-02 13:13:44,348 INFO Looking for file at: /app/content/chapters/07_testing_validation.md
2026-04-02 13:13:44,355 INFO File read successfully. Length: 1544
2026-04-02 13:13:44,356 DEBUG Successfully loaded extension "markdown.extensions.fenced_code.FencedCodeExtension".
2026-04-02 13:13:44,357 DEBUG Successfully loaded extension "markdown.extensions.tables.TableExtension".
2026-04-02 13:13:44,358 INFO Markdown conversion successful
2026-04-02 13:13:47,164 INFO Requesting chapter: 08_production
2026-04-02 13:13:47,164 INFO Looking for file at: /app/content/chapters/08_production.md
2026-04-02 13:13:47,170 INFO File read successfully. Length: 1744
2026-04-02 13:13:47,170 DEBUG Successfully loaded extension "markdown.extensions.fenced_code.FencedCodeExtension".
2026-04-02 13:13:47,171 DEBUG Successfully loaded extension "markdown.extensions.tables.TableExtension".
2026-04-02 13:13:47,172 INFO Markdown conversion successful
2026-04-02 13:14:41,071 INFO Requesting chapter: 09_security
2026-04-02 13:14:41,072 INFO Looking for file at: /app/content/chapters/09_security.md
2026-04-02 13:14:41,096 INFO File read successfully. Length: 2913
2026-04-02 13:14:41,097 DEBUG Successfully loaded extension "markdown.extensions.fenced_code.FencedCodeExtension".
2026-04-02 13:14:41,097 DEBUG Successfully loaded extension "markdown.extensions.tables.TableExtension".
2026-04-02 13:14:41,099 INFO Markdown conversion successful
2026-04-02 13:15:50,651 INFO Requesting chapter: 10_ansible_intro
2026-04-02 13:15:50,652 INFO Looking for file at: /app/content/chapters/10_ansible_intro.md
2026-04-02 13:15:50,756 INFO File read successfully. Length: 1956
2026-04-02 13:15:50,798 DEBUG Successfully loaded extension "markdown.extensions.fenced_code.FencedCodeExtension".
2026-04-02 13:15:50,799 DEBUG Successfully loaded extension "markdown.extensions.tables.TableExtension".
2026-04-02 13:15:50,800 INFO Markdown conversion successful
2026-04-02 13:30:17,429 INFO Requesting chapter: 11_ansible_playbooks
2026-04-02 13:30:17,432 INFO Looking for file at: /app/content/chapters/11_ansible_playbooks.md
2026-04-02 13:30:17,471 INFO File read successfully. Length: 2020
2026-04-02 13:30:17,475 DEBUG Successfully loaded extension "markdown.extensions.fenced_code.FencedCodeExtension".
2026-04-02 13:30:17,478 DEBUG Successfully loaded extension "markdown.extensions.tables.TableExtension".
2026-04-02 13:30:17,481 INFO Markdown conversion successful
2026-04-02 13:30:48,687 INFO Requesting chapter: 12_ansible_roles_advanced
2026-04-02 13:30:48,688 INFO Looking for file at: /app/content/chapters/12_ansible_roles_advanced.md
2026-04-02 13:30:48,694 INFO File read successfully. Length: 1907
2026-04-02 13:30:48,694 DEBUG Successfully loaded extension "markdown.extensions.fenced_code.FencedCodeExtension".
2026-04-02 13:30:48,695 DEBUG Successfully loaded extension "markdown.extensions.tables.TableExtension".
2026-04-02 13:30:48,696 INFO Markdown conversion successful
2026-04-02 13:31:05,266 INFO Requesting chapter: 18_advanced_tf
2026-04-02 13:31:05,267 INFO Looking for file at: /app/content/chapters/18_advanced_tf.md
2026-04-02 13:31:05,329 INFO File read successfully. Length: 1416
2026-04-02 13:31:05,332 DEBUG Successfully loaded extension "markdown.extensions.fenced_code.FencedCodeExtension".
2026-04-02 13:31:05,333 DEBUG Successfully loaded extension "markdown.extensions.tables.TableExtension".
2026-04-02 13:31:05,346 INFO Markdown conversion successful
2026-04-02 13:31:12,231 INFO Requesting chapter: 16_helm_intro
2026-04-02 13:31:12,232 INFO Looking for file at: /app/content/chapters/16_helm_intro.md
2026-04-02 13:31:12,239 INFO File read successfully. Length: 1767
2026-04-02 13:31:12,240 DEBUG Successfully loaded extension "markdown.extensions.fenced_code.FencedCodeExtension".
2026-04-02 13:31:12,240 DEBUG Successfully loaded extension "markdown.extensions.tables.TableExtension".
2026-04-02 13:31:12,241 INFO Markdown conversion successful
2026-04-02 13:38:07,337 INFO Requesting chapter: 16_helm_intro
2026-04-02 13:38:07,339 INFO Looking for file at: /app/content/chapters/16_helm_intro.md
2026-04-02 13:38:07,399 INFO File read successfully. Length: 1767
2026-04-02 13:38:07,443 DEBUG Successfully loaded extension "markdown.extensions.fenced_code.FencedCodeExtension".
2026-04-02 13:38:07,444 DEBUG Successfully loaded extension "markdown.extensions.tables.TableExtension".
2026-04-02 13:38:07,445 INFO Markdown conversion successful
2026-04-02 13:40:32,864 INFO Requesting chapter: 12_ansible_roles_advanced
2026-04-02 13:40:32,865 INFO Looking for file at: /app/content/chapters/12_ansible_roles_advanced.md
2026-04-02 13:40:32,871 INFO File read successfully. Length: 1907
2026-04-02 13:40:32,871 DEBUG Successfully loaded extension "markdown.extensions.fenced_code.FencedCodeExtension".
2026-04-02 13:40:32,872 DEBUG Successfully loaded extension "markdown.extensions.tables.TableExtension".
2026-04-02 13:40:32,873 INFO Markdown conversion successful
2026-04-02 13:45:53,662 INFO Requesting chapter: 12_ansible_roles_advanced
2026-04-02 13:45:53,664 INFO Looking for file at: /app/content/chapters/12_ansible_roles_advanced.md
2026-04-02 13:45:53,700 INFO File read successfully. Length: 1907
2026-04-02 13:45:53,718 DEBUG Successfully loaded extension "markdown.extensions.fenced_code.FencedCodeExtension".
2026-04-02 13:45:53,739 DEBUG Successfully loaded extension "markdown.extensions.tables.TableExtension".
2026-04-02 13:45:53,744 INFO Markdown conversion successful
2026-04-02 13:46:07,078 INFO Requesting chapter: 08_production
2026-04-02 13:46:07,079 INFO Looking for file at: /app/content/chapters/08_production.md
2026-04-02 13:46:07,085 INFO File read successfully. Length: 1744
2026-04-02 13:46:07,086 DEBUG Successfully loaded extension "markdown.extensions.fenced_code.FencedCodeExtension".
2026-04-02 13:46:07,086 DEBUG Successfully loaded extension "markdown.extensions.tables.TableExtension".
2026-04-02 13:46:07,087 INFO Markdown conversion successful
2026-04-02 13:48:44,551 INFO Requesting chapter: 01_intro
2026-04-02 13:48:44,552 INFO Looking for file at: /app/content/chapters/01_intro.md
2026-04-02 13:48:44,562 INFO File read successfully. Length: 2933
2026-04-02 13:48:44,563 DEBUG Successfully loaded extension "markdown.extensions.fenced_code.FencedCodeExtension".
2026-04-02 13:48:44,564 DEBUG Successfully loaded extension "markdown.extensions.tables.TableExtension".
2026-04-02 13:48:44,566 INFO Markdown conversion successful
2026-04-02 13:49:00,732 INFO Requesting chapter: 09_security
2026-04-02 13:49:00,733 INFO Looking for file at: /app/content/chapters/09_security.md
2026-04-02 13:49:00,742 INFO File read successfully. Length: 2913
2026-04-02 13:49:00,742 DEBUG Successfully loaded extension "markdown.extensions.fenced_code.FencedCodeExtension".
2026-04-02 13:49:00,743 DEBUG Successfully loaded extension "markdown.extensions.tables.TableExtension".
2026-04-02 13:49:00,744 INFO Markdown conversion successful
2026-04-02 13:49:04,523 INFO Requesting chapter: 10_ansible_intro
2026-04-02 13:49:04,523 INFO Looking for file at: /app/content/chapters/10_ansible_intro.md
2026-04-02 13:49:04,530 INFO File read successfully. Length: 1956
2026-04-02 13:49:04,530 DEBUG Successfully loaded extension "markdown.extensions.fenced_code.FencedCodeExtension".
2026-04-02 13:49:04,531 DEBUG Successfully loaded extension "markdown.extensions.tables.TableExtension".
2026-04-02 13:49:04,532 INFO Markdown conversion successful
2026-04-02 13:49:37,237 INFO Requesting chapter: 12_ansible_roles_advanced
2026-04-02 13:49:37,238 INFO Looking for file at: /app/content/chapters/12_ansible_roles_advanced.md
2026-04-02 13:49:37,245 INFO File read successfully. Length: 1907
2026-04-02 13:49:37,246 DEBUG Successfully loaded extension "markdown.extensions.fenced_code.FencedCodeExtension".
2026-04-02 13:49:37,246 DEBUG Successfully loaded extension "markdown.extensions.tables.TableExtension".
2026-04-02 13:49:37,248 INFO Markdown conversion successful
2026-04-02 13:50:09,835 INFO Requesting chapter: 13_k8s_intro
2026-04-02 13:50:09,836 INFO Looking for file at: /app/content/chapters/13_k8s_intro.md
2026-04-02 13:50:09,840 INFO File read successfully. Length: 1602
2026-04-02 13:50:09,841 DEBUG Successfully loaded extension "markdown.extensions.fenced_code.FencedCodeExtension".
2026-04-02 13:50:09,841 DEBUG Successfully loaded extension "markdown.extensions.tables.TableExtension".
2026-04-02 13:50:09,842 INFO Markdown conversion successful
2026-04-02 13:50:29,064 INFO Requesting chapter: 14_k8s_manifests
2026-04-02 13:50:29,065 INFO Looking for file at: /app/content/chapters/14_k8s_manifests.md
2026-04-02 13:50:29,074 INFO File read successfully. Length: 1687
2026-04-02 13:50:29,075 DEBUG Successfully loaded extension "markdown.extensions.fenced_code.FencedCodeExtension".
2026-04-02 13:50:29,076 DEBUG Successfully loaded extension "markdown.extensions.tables.TableExtension".
2026-04-02 13:50:29,077 INFO Markdown conversion successful
2026-04-02 13:52:50,758 INFO Requesting chapter: 15_k8s_architecture
2026-04-02 13:52:50,759 INFO Looking for file at: /app/content/chapters/15_k8s_architecture.md
2026-04-02 13:52:50,767 INFO File read successfully. Length: 2164
2026-04-02 13:52:50,767 DEBUG Successfully loaded extension "markdown.extensions.fenced_code.FencedCodeExtension".
2026-04-02 13:52:50,768 DEBUG Successfully loaded extension "markdown.extensions.tables.TableExtension".
2026-04-02 13:52:50,769 INFO Markdown conversion successful
2026-04-02 13:54:09,676 INFO Requesting chapter: 16_helm_intro
2026-04-02 13:54:09,677 INFO Looking for file at: /app/content/chapters/16_helm_intro.md
2026-04-02 13:54:09,719 INFO File read successfully. Length: 1767
2026-04-02 13:54:09,749 DEBUG Successfully loaded extension "markdown.extensions.fenced_code.FencedCodeExtension".
2026-04-02 13:54:09,750 DEBUG Successfully loaded extension "markdown.extensions.tables.TableExtension".
2026-04-02 13:54:09,754 INFO Markdown conversion successful
2026-04-02 13:54:28,584 INFO Requesting chapter: 17_helm_charts
2026-04-02 13:54:28,585 INFO Looking for file at: /app/content/chapters/17_helm_charts.md
2026-04-02 13:54:28,592 INFO File read successfully. Length: 1964
2026-04-02 13:54:28,592 DEBUG Successfully loaded extension "markdown.extensions.fenced_code.FencedCodeExtension".
2026-04-02 13:54:28,592 DEBUG Successfully loaded extension "markdown.extensions.tables.TableExtension".
2026-04-02 13:54:28,593 INFO Markdown conversion successful
2026-04-02 13:56:15,327 INFO Requesting chapter: 18_advanced_tf
2026-04-02 13:56:15,330 INFO Looking for file at: /app/content/chapters/18_advanced_tf.md
2026-04-02 13:56:15,333 INFO File read successfully. Length: 1416
2026-04-02 13:56:15,339 DEBUG Successfully loaded extension "markdown.extensions.fenced_code.FencedCodeExtension".
2026-04-02 13:56:15,340 DEBUG Successfully loaded extension "markdown.extensions.tables.TableExtension".
2026-04-02 13:56:15,341 INFO Markdown conversion successful
2026-04-02 13:57:05,115 INFO Requesting chapter: 19_advanced_ansible
2026-04-02 13:57:05,115 INFO Looking for file at: /app/content/chapters/19_advanced_ansible.md
2026-04-02 13:57:05,123 INFO File read successfully. Length: 1317
2026-04-02 13:57:05,124 DEBUG Successfully loaded extension "markdown.extensions.fenced_code.FencedCodeExtension".
2026-04-02 13:57:05,124 DEBUG Successfully loaded extension "markdown.extensions.tables.TableExtension".
2026-04-02 13:57:05,125 INFO Markdown conversion successful
2026-04-02 13:57:43,328 INFO Requesting chapter: 20_advanced_k8s
2026-04-02 13:57:43,329 INFO Looking for file at: /app/content/chapters/20_advanced_k8s.md
2026-04-02 13:57:43,338 INFO File read successfully. Length: 1291
2026-04-02 13:57:43,338 DEBUG Successfully loaded extension "markdown.extensions.fenced_code.FencedCodeExtension".
2026-04-02 13:57:43,339 DEBUG Successfully loaded extension "markdown.extensions.tables.TableExtension".
2026-04-02 13:57:43,340 INFO Markdown conversion successful
2026-04-02 13:58:15,236 INFO Requesting chapter: 21_interview_tf
2026-04-02 13:58:15,237 INFO Looking for file at: /app/content/chapters/21_interview_tf.md
2026-04-02 13:58:15,243 INFO File read successfully. Length: 1591
2026-04-02 13:58:15,244 DEBUG Successfully loaded extension "markdown.extensions.fenced_code.FencedCodeExtension".
2026-04-02 13:58:15,244 DEBUG Successfully loaded extension "markdown.extensions.tables.TableExtension".
2026-04-02 13:58:15,245 INFO Markdown conversion successful
2026-04-02 13:58:36,379 INFO Requesting chapter: 22_interview_ansible
2026-04-02 13:58:36,380 INFO Looking for file at: /app/content/chapters/22_interview_ansible.md
2026-04-02 13:58:36,387 INFO File read successfully. Length: 1615
2026-04-02 13:58:36,388 DEBUG Successfully loaded extension "markdown.extensions.fenced_code.FencedCodeExtension".
2026-04-02 13:58:36,388 DEBUG Successfully loaded extension "markdown.extensions.tables.TableExtension".
2026-04-02 13:58:36,389 INFO Markdown conversion successful
2026-04-02 14:00:50,489 INFO Requesting chapter: 23_interview_k8s
2026-04-02 14:00:50,490 INFO Looking for file at: /app/content/chapters/23_interview_k8s.md
2026-04-02 14:00:50,498 INFO File read successfully. Length: 1762
2026-04-02 14:00:50,498 DEBUG Successfully loaded extension "markdown.extensions.fenced_code.FencedCodeExtension".
2026-04-02 14:00:50,499 DEBUG Successfully loaded extension "markdown.extensions.tables.TableExtension".
2026-04-02 14:00:50,500 INFO Markdown conversion successful
2026-04-02 14:05:16,622 INFO Requesting chapter: 01_intro
2026-04-02 14:05:16,623 INFO Looking for file at: /app/content/chapters/01_intro.md
2026-04-02 14:05:16,634 INFO File read successfully. Length: 2933
2026-04-02 14:05:16,642 DEBUG Successfully loaded extension "markdown.extensions.fenced_code.FencedCodeExtension".
2026-04-02 14:05:16,643 DEBUG Successfully loaded extension "markdown.extensions.tables.TableExtension".
2026-04-02 14:05:16,645 INFO Markdown conversion successful
2026-04-02 14:07:25,227 INFO Requesting chapter: 01_intro
2026-04-02 14:07:25,229 INFO Looking for file at: /app/content/chapters/01_intro.md
2026-04-02 14:07:25,296 INFO File read successfully. Length: 2933
2026-04-02 14:07:25,299 DEBUG Successfully loaded extension "markdown.extensions.fenced_code.FencedCodeExtension".
2026-04-02 14:07:25,300 DEBUG Successfully loaded extension "markdown.extensions.tables.TableExtension".
2026-04-02 14:07:25,302 INFO Markdown conversion successful
2026-04-02 14:48:50,040 INFO Requesting chapter: 01_intro
2026-04-02 14:48:50,041 INFO Looking for file at: /app/content/chapters/01_intro.md
2026-04-02 14:48:50,049 INFO File read successfully. Length: 2933
2026-04-02 14:48:50,056 DEBUG Successfully loaded extension "markdown.extensions.fenced_code.FencedCodeExtension".
2026-04-02 14:48:50,056 DEBUG Successfully loaded extension "markdown.extensions.tables.TableExtension".
2026-04-02 14:48:50,058 INFO Markdown conversion successful
2026-04-02 15:08:57,527 INFO Requesting chapter: 01_intro
2026-04-02 15:08:57,527 INFO Looking for file at: /app/content/chapters/01_intro.md
2026-04-02 15:08:57,532 INFO File read successfully. Length: 2933
2026-04-02 15:08:57,533 DEBUG Successfully loaded extension "markdown.extensions.fenced_code.FencedCodeExtension".
2026-04-02 15:08:57,533 DEBUG Successfully loaded extension "markdown.extensions.tables.TableExtension".
2026-04-02 15:08:57,535 INFO Markdown conversion successful
2026-04-02 15:21:21,230 INFO Requesting chapter: 01_intro
2026-04-02 15:21:21,231 INFO Looking for file at: /app/content/chapters/01_intro.md
2026-04-02 15:21:21,264 INFO File read successfully. Length: 2933
2026-04-02 15:21:21,273 DEBUG Successfully loaded extension "markdown.extensions.fenced_code.FencedCodeExtension".
2026-04-02 15:21:21,274 DEBUG Successfully loaded extension "markdown.extensions.tables.TableExtension".
2026-04-02 15:21:21,278 INFO Markdown conversion successful
2026-04-02 15:21:48,789 INFO Requesting chapter: 01_intro
2026-04-02 15:21:48,790 INFO Looking for file at: /app/content/chapters/01_intro.md
2026-04-02 15:21:48,825 INFO File read successfully. Length: 2933
2026-04-02 15:21:48,826 DEBUG Successfully loaded extension "markdown.extensions.fenced_code.FencedCodeExtension".
2026-04-02 15:21:48,826 DEBUG Successfully loaded extension "markdown.extensions.tables.TableExtension".
2026-04-02 15:21:48,828 INFO Markdown conversion successful
2026-04-02 15:22:20,592 INFO Requesting chapter: 09_security
2026-04-02 15:22:20,593 INFO Looking for file at: /app/content/chapters/09_security.md
2026-04-02 15:22:20,616 INFO File read successfully. Length: 2913
2026-04-02 15:22:20,617 DEBUG Successfully loaded extension "markdown.extensions.fenced_code.FencedCodeExtension".
2026-04-02 15:22:20,617 DEBUG Successfully loaded extension "markdown.extensions.tables.TableExtension".
2026-04-02 15:22:20,619 INFO Markdown conversion successful
2026-04-02 15:30:32,580 INFO Requesting chapter: 01_intro
2026-04-02 15:30:32,580 INFO Looking for file at: /app/content/chapters/01_intro.md
2026-04-02 15:30:32,590 INFO File read successfully. Length: 2933
2026-04-02 15:30:32,615 DEBUG Successfully loaded extension "markdown.extensions.fenced_code.FencedCodeExtension".
2026-04-02 15:30:32,620 DEBUG Successfully loaded extension "markdown.extensions.tables.TableExtension".
2026-04-02 15:30:32,637 INFO Markdown conversion successful
2026-04-02 15:46:21,070 INFO Requesting chapter: 03_state
2026-04-02 15:46:21,071 INFO Looking for file at: /app/content/chapters/03_state.md
2026-04-02 15:46:21,075 INFO File read successfully. Length: 2288
2026-04-02 15:46:21,076 DEBUG Successfully loaded extension "markdown.extensions.fenced_code.FencedCodeExtension".
2026-04-02 15:46:21,077 DEBUG Successfully loaded extension "markdown.extensions.tables.TableExtension".
2026-04-02 15:46:21,079 INFO Markdown conversion successful
2026-04-02 15:46:55,932 INFO Requesting chapter: 04_variables_outputs
2026-04-02 15:46:55,933 INFO Looking for file at: /app/content/chapters/04_variables_outputs.md
2026-04-02 15:46:55,939 INFO File read successfully. Length: 1766
2026-04-02 15:46:55,940 DEBUG Successfully loaded extension "markdown.extensions.fenced_code.FencedCodeExtension".
2026-04-02 15:46:55,940 DEBUG Successfully loaded extension "markdown.extensions.tables.TableExtension".
2026-04-02 15:46:55,941 INFO Markdown conversion successful
2026-04-03 20:44:07,456 INFO Requesting chapter: 01_intro
2026-04-03 20:44:07,457 INFO Looking for file at: /app/content/chapters/01_intro.md
2026-04-03 20:44:07,464 INFO File read successfully. Length: 2933
2026-04-03 20:44:07,473 DEBUG Successfully loaded extension "markdown.extensions.fenced_code.FencedCodeExtension".
2026-04-03 20:44:07,474 DEBUG Successfully loaded extension "markdown.extensions.tables.TableExtension".
2026-04-03 20:44:07,476 INFO Markdown conversion successful
2026-04-06 09:29:40,018 INFO Requesting chapter: 23_interview_k8s
2026-04-06 09:29:40,018 INFO Looking for file at: /app/content/chapters/23_interview_k8s.md
2026-04-06 09:29:40,025 INFO File read successfully. Length: 1762
2026-04-06 09:29:40,035 DEBUG Successfully loaded extension "markdown.extensions.fenced_code.FencedCodeExtension".
2026-04-06 09:29:40,036 DEBUG Successfully loaded extension "markdown.extensions.tables.TableExtension".
2026-04-06 09:29:40,038 INFO Markdown conversion successful
2026-04-06 09:29:43,000 INFO Requesting chapter: 24_cicd_pipelines
2026-04-06 09:29:43,000 INFO Looking for file at: /app/content/chapters/24_cicd_pipelines.md
2026-04-06 09:29:43,002 WARNING File not found: /app/content/chapters/24_cicd_pipelines.md
2026-04-06 09:29:43,003 DEBUG Successfully loaded extension "markdown.extensions.fenced_code.FencedCodeExtension".
2026-04-06 09:29:43,003 DEBUG Successfully loaded extension "markdown.extensions.tables.TableExtension".
2026-04-06 09:29:43,004 INFO Markdown conversion successful
2026-04-06 09:36:19,204 INFO Requesting chapter: 23_interview_k8s
2026-04-06 09:36:19,205 INFO Looking for file at: /app/content/chapters/23_interview_k8s.md
2026-04-06 09:36:19,210 INFO File read successfully. Length: 1762
2026-04-06 09:36:19,217 DEBUG Successfully loaded extension "markdown.extensions.fenced_code.FencedCodeExtension".
2026-04-06 09:36:19,218 DEBUG Successfully loaded extension "markdown.extensions.tables.TableExtension".
2026-04-06 09:36:19,219 INFO Markdown conversion successful
2026-04-06 09:36:21,324 INFO Requesting chapter: 24_cicd_pipelines
2026-04-06 09:36:21,324 INFO Looking for file at: /app/content/chapters/24_cicd_pipelines.md
2026-04-06 09:36:21,329 INFO File read successfully. Length: 3492
2026-04-06 09:36:21,330 DEBUG Successfully loaded extension "markdown.extensions.fenced_code.FencedCodeExtension".
2026-04-06 09:36:21,330 DEBUG Successfully loaded extension "markdown.extensions.tables.TableExtension".
2026-04-06 09:36:21,332 INFO Markdown conversion successful
